[INFO ] [2021-03-01 07:56:58,462] Open Sauce Lab page
[INFO ] [2021-03-01 07:57:16,607] Input value to user name textbox
[INFO ] [2021-03-01 07:57:19,673] Input value to password textbox
[INFO ] [2021-03-01 07:57:19,901] Click on Log In button
[INFO ] [2021-03-01 07:57:25,201] Select Name (Z to A) combobox
[INFO ] [2021-03-01 07:57:25,492] Verify product name sort desc
[INFO ] [2021-03-01 07:57:25,659]  -------------------------- PASSED -------------------------- 
[INFO ] [2021-03-01 07:57:29,591] Select Name (A to Z) combobox
[INFO ] [2021-03-01 07:57:29,752] Verify product name sort asc
[INFO ] [2021-03-01 07:57:29,843]  -------------------------- PASSED -------------------------- 
[INFO ] [2021-03-01 07:57:32,865] Select Price (low to high) combobox
[INFO ] [2021-03-01 07:57:33,010] Verify product name sort Price (low to high)
[INFO ] [2021-03-01 07:57:33,176]  -------------------------- PASSED -------------------------- 
[INFO ] [2021-03-01 07:57:36,186] Select Price (high to low) combobox
[INFO ] [2021-03-01 07:57:36,376] Verify product name sort Price (high to low)
[INFO ] [2021-03-01 07:57:36,476]  -------------------------- PASSED -------------------------- 
[INFO ] [2021-03-01 08:03:16,827] Open Sauce Lab page
[INFO ] [2021-03-01 08:03:31,139] Input value to user name textbox
[INFO ] [2021-03-01 08:03:32,205] Input value to password textbox
[INFO ] [2021-03-01 08:03:32,463] Click on Log In button
[INFO ] [2021-03-01 08:03:36,332] Select Name (Z to A) combobox
[INFO ] [2021-03-01 08:03:36,666] Verify product name sort desc
[INFO ] [2021-03-01 08:03:36,873]  -------------------------- PASSED -------------------------- 
[INFO ] [2021-03-01 08:03:40,351] Select Name (A to Z) combobox
[INFO ] [2021-03-01 08:03:40,521] Verify product name sort asc
[INFO ] [2021-03-01 08:03:40,619]  -------------------------- PASSED -------------------------- 
[INFO ] [2021-03-01 08:03:43,628] Select Price (low to high) combobox
[INFO ] [2021-03-01 08:03:43,782] Verify product name sort Price (low to high)
[INFO ] [2021-03-01 08:03:43,934]  -------------------------- PASSED -------------------------- 
[INFO ] [2021-03-01 08:03:46,943] Select Price (high to low) combobox
[INFO ] [2021-03-01 08:03:47,083] Verify product name sort Price (high to low)
[INFO ] [2021-03-01 08:03:47,182]  -------------------------- PASSED -------------------------- 
[INFO ] [2021-03-01 08:10:50,846] Open Sauce Lab page
[INFO ] [2021-03-01 08:11:05,265] Input value to user name textbox
[INFO ] [2021-03-01 08:11:06,031] Input value to password textbox
[INFO ] [2021-03-01 08:11:06,252] Click on Log In button
[INFO ] [2021-03-01 08:11:10,006] Select Name (Z to A) combobox
[INFO ] [2021-03-01 08:11:10,348] Verify product name sort desc
[INFO ] [2021-03-01 08:11:10,576]  -------------------------- PASSED -------------------------- 
[INFO ] [2021-03-01 08:11:14,408] Select Name (A to Z) combobox
[INFO ] [2021-03-01 08:11:14,602] Verify product name sort asc
[INFO ] [2021-03-01 08:11:14,838]  -------------------------- PASSED -------------------------- 
[INFO ] [2021-03-01 08:11:17,867] Select Price (low to high) combobox
[INFO ] [2021-03-01 08:11:18,069] Verify product name sort Price (low to high)
[INFO ] [2021-03-01 08:11:18,262]  -------------------------- PASSED -------------------------- 
[INFO ] [2021-03-01 08:11:21,271] Select Price (high to low) combobox
[INFO ] [2021-03-01 08:11:21,410] Verify product name sort Price (high to low)
[INFO ] [2021-03-01 08:11:21,524]  -------------------------- PASSED -------------------------- 
[INFO ] [2021-03-01 22:15:02,413] Open Sauce Lab page
[INFO ] [2021-03-01 22:15:30,103] Input value to user name textbox
[INFO ] [2021-03-01 22:15:31,759] Input value to password textbox
[INFO ] [2021-03-01 22:15:31,997] Click on Log In button
[INFO ] [2021-03-01 22:15:36,699] Select Name (Z to A) combobox
[INFO ] [2021-03-01 22:15:37,367] Verify product name sort desc
[INFO ] [2021-03-01 22:15:37,697]  -------------------------- PASSED -------------------------- 
[INFO ] [2021-03-01 22:15:41,413] Select Name (A to Z) combobox
[INFO ] [2021-03-01 22:15:41,886] Verify product name sort asc
[INFO ] [2021-03-01 22:15:42,020]  -------------------------- PASSED -------------------------- 
[INFO ] [2021-03-01 22:15:45,029] Select Price (low to high) combobox
[INFO ] [2021-03-01 22:15:46,214] Verify product name sort Price (low to high)
[INFO ] [2021-03-01 22:15:46,456]  -------------------------- PASSED -------------------------- 
[INFO ] [2021-03-01 22:15:49,475] Select Price (high to low) combobox
[INFO ] [2021-03-01 22:15:49,663] Verify product name sort Price (high to low)
[INFO ] [2021-03-01 22:15:49,776]  -------------------------- PASSED -------------------------- 
[INFO ] [2021-03-01 22:17:31,516] Open Sauce Lab page
[INFO ] [2021-03-01 22:17:42,528] Input value to user name textbox
[INFO ] [2021-03-01 22:17:42,982] Input value to password textbox
[INFO ] [2021-03-01 22:17:43,278] Click on Log In button
[INFO ] [2021-03-01 22:17:47,288] Select Name (Z to A) combobox
[INFO ] [2021-03-01 22:17:47,557] Verify product name sort desc
[INFO ] [2021-03-01 22:17:47,782]  -------------------------- PASSED -------------------------- 
[INFO ] [2021-03-01 22:17:51,138] Select Name (A to Z) combobox
[INFO ] [2021-03-01 22:17:51,436] Verify product name sort asc
[INFO ] [2021-03-01 22:17:51,587]  -------------------------- PASSED -------------------------- 
[INFO ] [2021-03-01 22:17:54,599] Select Price (low to high) combobox
[INFO ] [2021-03-01 22:17:54,764] Verify product name sort Price (low to high)
[INFO ] [2021-03-01 22:17:54,907]  -------------------------- PASSED -------------------------- 
[INFO ] [2021-03-01 22:17:57,915] Select Price (high to low) combobox
[INFO ] [2021-03-01 22:17:58,105] Verify product name sort Price (high to low)
[INFO ] [2021-03-01 22:17:58,211]  -------------------------- PASSED -------------------------- 
[INFO ] [2021-03-22 20:13:23,659] Open Sauce Lab page
[INFO ] [2021-03-22 20:14:32,225] Open Sauce Lab page
[INFO ] [2021-03-22 20:14:44,450] Input value to user name textbox
[INFO ] [2021-03-22 20:14:45,170] Input value to password textbox
[INFO ] [2021-03-22 20:14:45,410] Click on Log In button
[INFO ] [2021-03-22 20:14:49,040] Select Name (Z to A) combobox
[INFO ] [2021-03-22 20:14:49,387] Verify product name sort desc
[INFO ] [2021-03-22 20:14:49,536]  -------------------------- PASSED -------------------------- 
[INFO ] [2021-03-22 20:14:52,728] Select Name (A to Z) combobox
[INFO ] [2021-03-22 20:14:52,916] Verify product name sort asc
[INFO ] [2021-03-22 20:14:53,020]  -------------------------- PASSED -------------------------- 
[INFO ] [2021-03-22 20:14:56,030] Select Price (low to high) combobox
[INFO ] [2021-03-22 20:14:56,188] Verify product name sort Price (low to high)
[INFO ] [2021-03-22 20:14:56,322]  -------------------------- PASSED -------------------------- 
[INFO ] [2021-03-22 20:14:59,330] Select Price (high to low) combobox
[INFO ] [2021-03-22 20:14:59,518] Verify product name sort Price (high to low)
[INFO ] [2021-03-22 20:14:59,603]  -------------------------- PASSED -------------------------- 
[INFO ] [2021-03-22 20:16:46,099] Open Sauce Lab page
[INFO ] [2021-03-22 20:19:41,290] Open Sauce Lab page
[INFO ] [2021-03-22 20:19:48,964] Input value to user name textbox
[INFO ] [2021-03-22 20:19:49,331] Input value to password textbox
[INFO ] [2021-03-22 20:19:49,540] Click on Log In button
[INFO ] [2021-03-22 20:19:53,186] Select Name (Z to A) combobox
[INFO ] [2021-03-22 20:19:53,786] Verify product name sort desc
[INFO ] [2021-03-22 20:19:54,116]  -------------------------- PASSED -------------------------- 
[INFO ] [2021-03-22 20:19:57,457] Select Name (A to Z) combobox
[INFO ] [2021-03-22 20:19:57,654] Verify product name sort asc
[INFO ] [2021-03-22 20:19:57,744]  -------------------------- PASSED -------------------------- 
[INFO ] [2021-03-22 20:20:00,754] Select Price (low to high) combobox
[INFO ] [2021-03-22 20:20:00,926] Verify product name sort Price (low to high)
[INFO ] [2021-03-22 20:20:01,051]  -------------------------- PASSED -------------------------- 
[INFO ] [2021-03-22 20:20:04,059] Select Price (high to low) combobox
[INFO ] [2021-03-22 20:20:04,229] Verify product name sort Price (high to low)
[INFO ] [2021-03-22 20:20:04,319]  -------------------------- PASSED -------------------------- 
[INFO ] [2021-03-22 20:20:35,375] Open Sauce Lab page
[INFO ] [2021-03-22 20:20:45,321] Input value to user name textbox
[INFO ] [2021-03-22 20:20:45,642] Input value to password textbox
[INFO ] [2021-03-22 20:20:45,902] Click on Log In button
[INFO ] [2021-03-22 20:20:49,576] Select Name (Z to A) combobox
[INFO ] [2021-03-22 20:20:49,848] Verify product name sort desc
[INFO ] [2021-03-22 20:20:50,025]  -------------------------- PASSED -------------------------- 
[INFO ] [2021-03-22 20:20:53,305] Select Name (A to Z) combobox
[INFO ] [2021-03-22 20:20:53,515] Verify product name sort asc
[INFO ] [2021-03-22 20:20:53,619]  -------------------------- PASSED -------------------------- 
[INFO ] [2021-03-22 20:20:56,630] Select Price (low to high) combobox
[INFO ] [2021-03-22 20:20:56,786] Verify product name sort Price (low to high)
[INFO ] [2021-03-22 20:20:56,980]  -------------------------- PASSED -------------------------- 
[INFO ] [2021-03-22 20:20:59,988] Select Price (high to low) combobox
[INFO ] [2021-03-22 20:21:00,148] Verify product name sort Price (high to low)
[INFO ] [2021-03-22 20:21:00,229]  -------------------------- PASSED -------------------------- 
[INFO ] [2021-03-22 20:22:17,192] Open Sauce Lab page
[INFO ] [2021-03-22 20:22:23,648] Input value to user name textbox
[INFO ] [2021-03-22 20:22:24,068] Input value to password textbox
[INFO ] [2021-03-22 20:22:24,293] Click on Log In button
[INFO ] [2021-03-22 20:22:28,122] Select Name (Z to A) combobox
[INFO ] [2021-03-22 20:22:28,342] Verify product name sort desc
[INFO ] [2021-03-22 20:22:28,517]  -------------------------- PASSED -------------------------- 
[INFO ] [2021-03-22 20:22:31,764] Select Name (A to Z) combobox
[INFO ] [2021-03-22 20:22:31,961] Verify product name sort asc
[INFO ] [2021-03-22 20:22:32,050]  -------------------------- PASSED -------------------------- 
[INFO ] [2021-03-22 20:22:35,061] Select Price (low to high) combobox
[INFO ] [2021-03-22 20:22:35,209] Verify product name sort Price (low to high)
[INFO ] [2021-03-22 20:22:35,395]  -------------------------- PASSED -------------------------- 
[INFO ] [2021-03-22 20:22:38,407] Select Price (high to low) combobox
[INFO ] [2021-03-22 20:22:38,542] Verify product name sort Price (high to low)
[INFO ] [2021-03-22 20:22:38,627]  -------------------------- PASSED -------------------------- 
[INFO ] [2021-03-28 19:48:53,962] Open Sauce Lab page
[INFO ] [2021-03-28 19:49:31,161] Open Sauce Lab page
[INFO ] [2021-03-28 20:20:35,408] Open Sauce Lab page
[INFO ] [2021-03-28 20:41:28,086] Open Sauce Lab page
[INFO ] [2021-03-28 20:44:18,143] Open Sauce Lab page
[INFO ] [2021-03-28 20:46:05,591] Open Sauce Lab page
[INFO ] [2021-03-28 20:52:08,164] Open Sauce Lab page
[INFO ] [2021-03-28 20:53:30,902] Open Sauce Lab page
[INFO ] [2021-03-28 20:57:27,628] Open Sauce Lab page
[INFO ] [2021-03-28 20:58:32,244] Open Sauce Lab page
[INFO ] [2021-03-28 20:58:43,449] Input value to user name textbox
[INFO ] [2021-03-28 20:58:44,096] Input value to password textbox
[INFO ] [2021-03-28 20:58:44,360] Click on Log In button
[INFO ] [2021-03-28 20:58:48,120] Select Name (Z to A) combobox
[INFO ] [2021-03-28 20:58:48,478] Verify product name sort desc
[INFO ] [2021-03-28 20:58:48,690]  -------------------------- PASSED -------------------------- 
[INFO ] [2021-03-28 20:58:52,000] Select Name (A to Z) combobox
[INFO ] [2021-03-28 20:58:52,180] Verify product name sort asc
[INFO ] [2021-03-28 20:58:52,358]  -------------------------- PASSED -------------------------- 
[INFO ] [2021-03-28 20:58:55,367] Select Price (low to high) combobox
[INFO ] [2021-03-28 20:58:55,532] Verify product name sort Price (low to high)
[INFO ] [2021-03-28 20:58:55,693]  -------------------------- PASSED -------------------------- 
[INFO ] [2021-03-28 20:58:58,701] Select Price (high to low) combobox
[INFO ] [2021-03-28 20:58:58,842] Verify product name sort Price (high to low)
[INFO ] [2021-03-28 20:58:58,919]  -------------------------- PASSED -------------------------- 
[INFO ] [2021-03-29 20:24:57,640] Open Sauce Lab page
[INFO ] [2021-03-29 20:25:12,984] Input value to user name textbox
[INFO ] [2021-03-29 20:25:13,869] Input value to password textbox
[INFO ] [2021-03-29 20:25:14,144] Click on Log In button
[INFO ] [2021-03-29 20:25:18,261] Select Name (Z to A) combobox
[INFO ] [2021-03-29 20:25:18,524] Verify product name sort desc
[INFO ] [2021-03-29 20:25:18,690]  -------------------------- PASSED -------------------------- 
[INFO ] [2021-03-29 20:25:22,093] Select Name (A to Z) combobox
[INFO ] [2021-03-29 20:25:22,300] Verify product name sort asc
[INFO ] [2021-03-29 20:25:22,394]  -------------------------- PASSED -------------------------- 
[INFO ] [2021-03-29 20:25:25,408] Select Price (low to high) combobox
[INFO ] [2021-03-29 20:25:25,575] Verify product name sort Price (low to high)
[INFO ] [2021-03-29 20:25:25,772]  -------------------------- PASSED -------------------------- 
[INFO ] [2021-03-29 20:25:28,781] Select Price (high to low) combobox
[INFO ] [2021-03-29 20:25:29,002] Verify product name sort Price (high to low)
[INFO ] [2021-03-29 20:25:29,122]  -------------------------- PASSED -------------------------- 
[INFO ] [2021-04-10 12:06:31,858] Open Sauce Lab page
[INFO ] [2021-04-10 12:06:48,411] Input value to user name textbox
[INFO ] [2021-04-10 12:06:49,492] Input value to password textbox
[INFO ] [2021-04-10 12:06:49,760] Click on Log In button
[INFO ] [2021-04-10 12:06:53,588] Select Name (Z to A) combobox
[INFO ] [2021-04-10 12:06:54,101] Verify product name sort desc
[INFO ] [2021-04-10 12:06:54,297]  -------------------------- PASSED -------------------------- 
[INFO ] [2021-04-10 12:06:57,641] Select Name (A to Z) combobox
[INFO ] [2021-04-10 12:06:57,823] Verify product name sort asc
[INFO ] [2021-04-10 12:06:57,916]  -------------------------- PASSED -------------------------- 
[INFO ] [2021-04-10 12:07:00,926] Select Price (low to high) combobox
[INFO ] [2021-04-10 12:07:01,091] Verify product name sort Price (low to high)
[INFO ] [2021-04-10 12:07:01,263]  -------------------------- PASSED -------------------------- 
[INFO ] [2021-04-10 12:07:04,271] Select Price (high to low) combobox
[INFO ] [2021-04-10 12:07:04,490] Verify product name sort Price (high to low)
[INFO ] [2021-04-10 12:07:04,588]  -------------------------- PASSED -------------------------- 
